2023-10-02 23:34:37,756 [INFO ] [main          ] - -----------------------Запуск SpringBootApplication --------------------------
2023-10-02 23:34:37,759 [INFO ] [main          ] - Поточний час: 2023-10-02 23:34:37.759
2023-10-02 23:35:49,408 [INFO ] [io-8080-exec-5] - OrderController - call method get all Orders...
2023-10-02 23:35:49,408 [INFO ] [io-8080-exec-5] - OrderServiceImpl - Визов методу показати всі замовлення ...: 
2023-10-02 23:36:01,056 [INFO ] [io-8080-exec-6] - OrderController - call method delete from Order by Id...
2023-10-02 23:36:01,057 [INFO ] [io-8080-exec-6] - Delete order: 1
2023-10-02 23:36:01,057 [INFO ] [io-8080-exec-6] - OrderServiceImpl - Визов методу видалення замовлення ...: 
2023-10-02 23:36:01,246 [INFO ] [io-8080-exec-6] - OrderServiceImpl - Замовлення 1 видалено
2023-10-02 23:36:14,067 [INFO ] [io-8080-exec-7] - OrderController - call method get from Order by Id...
2023-10-02 23:36:14,067 [INFO ] [io-8080-exec-7] - OrderServiceImpl - Отримання замовлення з індексом 1: 
2023-10-02 23:36:14,070 [ERROR] [io-8080-exec-7] - OrderServiceImpl - Замовлення з індексом 1 немає
2023-10-02 23:36:27,761 [INFO ] [io-8080-exec-9] - ProductController - Run method get product by id
2023-10-02 23:36:27,762 [INFO ] [io-8080-exec-9] - ProductServiceImpl - Отримання Продукту за індексом 52: 
2023-10-02 23:36:53,653 [INFO ] [o-8080-exec-10] - ProductController - Run method update product...
2023-10-02 23:36:53,654 [INFO ] [o-8080-exec-10] - ProductServiceImpl - Визов методу внесення змін до Продукту ...: 
2023-10-02 23:37:41,143 [INFO ] [io-8080-exec-1] - OrderController - call method add order...
2023-10-02 23:37:41,143 [INFO ] [io-8080-exec-1] - OrderServiceImpl - Визов методу додавання замовлення ...: 
2023-10-02 23:37:41,144 [INFO ] [io-8080-exec-1] - OrderServiceImpl - Отримали Продукти за списком індексів [51, 52, 8, 12, 15, 44]...
2023-10-02 23:37:51,795 [INFO ] [io-8080-exec-2] - OrderController - call method get all Orders...
2023-10-02 23:37:51,795 [INFO ] [io-8080-exec-2] - OrderServiceImpl - Визов методу показати всі замовлення ...: 
